<?xml version="1.0" encoding="utf-8" standalone="no"?>
<!--This file represents the results of running a test suite-->
<test-results name="C:\Code\spikes\testing\Agouti\Agouti.Tests\Agouti.nunit" total="5" errors="0" failures="0" not-run="0" inconclusive="0" ignored="0" skipped="0" invalid="0" date="2011-12-07" time="13:46:22">
  <environment nunit-version="2.5.10.11092" clr-version="2.0.50727.5448" os-version="Microsoft Windows NT 6.1.7601 Service Pack 1" platform="Win32NT" cwd="C:\Program Files (x86)\NUnit 2.5.10\bin\net-2.0" machine-name="DEVMYOUNG001" user="matthew.young" user-domain="TSO" />
  <culture-info current-culture="en-GB" current-uiculture="en-US" />
  <test-suite type="Project" name="C:\Code\spikes\testing\Agouti\Agouti.Tests\Agouti.nunit" executed="True" result="Success" success="True" time="3.261" asserts="0">
    <results>
      <test-suite type="Assembly" name="C:\Code\spikes\testing\Agouti\Agouti.Tests\bin\Debug\Agouti.Tests.dll" executed="True" result="Success" success="True" time="3.245" asserts="0">
        <results>
          <test-suite type="Namespace" name="Agouti" executed="True" result="Success" success="True" time="3.245" asserts="0">
            <results>
              <test-suite type="Namespace" name="Tests" executed="True" result="Success" success="True" time="3.245" asserts="0">
                <results>
                  <test-suite type="TestFixture" name="HtmlUnitAdapterTests" executed="True" result="Success" success="True" time="3.245" asserts="0">
                    <results>
                      <test-suite type="ParameterizedTest" name="EventualSuccessShouldFailIfThePredicateFailsOnEveryRetry" executed="True" result="Success" success="True" time="3.196" asserts="0">
                        <results>
                          <test-case name="Agouti.Tests.HtmlUnitAdapterTests.EventualSuccessShouldFailIfThePredicateFailsOnEveryRetry(3)" executed="True" result="Success" success="True" time="3.183" asserts="10" />
                          <test-case name="Agouti.Tests.HtmlUnitAdapterTests.EventualSuccessShouldFailIfThePredicateFailsOnEveryRetry(1)" executed="True" result="Success" success="True" time="0.008" asserts="6" />
                        </results>
                      </test-suite>
                      <test-suite type="ParameterizedTest" name="EventualSuccessShouldPassIfThePredicateSucceedsAtLeastOnce" executed="True" result="Success" success="True" time="0.029" asserts="0">
                        <results>
                          <test-case name="Agouti.Tests.HtmlUnitAdapterTests.EventualSuccessShouldPassIfThePredicateSucceedsAtLeastOnce(System.Boolean[],3)" executed="True" result="Success" success="True" time="0.011" asserts="6" />
                          <test-case name="Agouti.Tests.HtmlUnitAdapterTests.EventualSuccessShouldPassIfThePredicateSucceedsAtLeastOnce(System.Boolean[],1)" executed="True" result="Success" success="True" time="0.006" asserts="4" />
                          <test-case name="Agouti.Tests.HtmlUnitAdapterTests.EventualSuccessShouldPassIfThePredicateSucceedsAtLeastOnce(System.Boolean[],10)" executed="True" result="Success" success="True" time="0.006" asserts="4" />
                        </results>
                      </test-suite>
                    </results>
                  </test-suite>
                </results>
              </test-suite>
            </results>
          </test-suite>
        </results>
      </test-suite>
    </results>
  </test-suite>
</test-results>